<?xml version="1.0" encoding="UTF-8"?>
<testng-results ignored="0" total="1" passed="1" failed="0" skipped="0">
  <reporter-output>
    <line>
      <![CDATA[openBrowser]]>
    </line>
    <line>
      <![CDATA[login]]>
    </line>
    <line>
      <![CDATA[Logout]]>
    </line>
    <line>
      <![CDATA[closeBrowser]]>
    </line>
  </reporter-output>
  <suite started-at="2024-03-02T19:50:31 IST" name="Default suite" finished-at="2024-03-02T19:50:48 IST" duration-ms="17786">
    <groups>
    </groups>
    <test started-at="2024-03-02T19:50:31 IST" name="Default test" finished-at="2024-03-02T19:50:48 IST" duration-ms="17786">
      <class name="testScripts.com.VerifyingTitle">
        <test-method is-config="true" signature="openBrowser()[pri:0, instance:testScripts.com.VerifyingTitle@692f203f]" started-at="2024-03-02T19:50:31 IST" name="openBrowser" finished-at="2024-03-02T19:50:34 IST" duration-ms="3905" status="PASS">
          <reporter-output>
            <line>
              <![CDATA[openBrowser]]>
            </line>
          </reporter-output>
        </test-method> <!-- openBrowser -->
        <test-method is-config="true" signature="login()[pri:0, instance:testScripts.com.VerifyingTitle@692f203f]" started-at="2024-03-02T19:50:35 IST" name="login" finished-at="2024-03-02T19:50:42 IST" duration-ms="7443" status="PASS">
          <reporter-output>
            <line>
              <![CDATA[login]]>
            </line>
          </reporter-output>
        </test-method> <!-- login -->
        <test-method signature="testhomePageTitle()[pri:0, instance:testScripts.com.VerifyingTitle@692f203f]" started-at="2024-03-02T19:50:42 IST" name="testhomePageTitle" finished-at="2024-03-02T19:50:47 IST" duration-ms="5249" status="PASS">
          <reporter-output>
          </reporter-output>
        </test-method> <!-- testhomePageTitle -->
        <test-method is-config="true" signature="logout()[pri:0, instance:testScripts.com.VerifyingTitle@692f203f]" started-at="2024-03-02T19:50:47 IST" name="logout" finished-at="2024-03-02T19:50:47 IST" duration-ms="3" status="PASS">
          <reporter-output>
            <line>
              <![CDATA[Logout]]>
            </line>
          </reporter-output>
        </test-method> <!-- logout -->
        <test-method is-config="true" signature="closeBrowser()[pri:0, instance:testScripts.com.VerifyingTitle@692f203f]" started-at="2024-03-02T19:50:47 IST" name="closeBrowser" finished-at="2024-03-02T19:50:48 IST" duration-ms="1042" status="PASS">
          <reporter-output>
            <line>
              <![CDATA[closeBrowser]]>
            </line>
          </reporter-output>
        </test-method> <!-- closeBrowser -->
      </class> <!-- testScripts.com.VerifyingTitle -->
    </test> <!-- Default test -->
  </suite> <!-- Default suite -->
</testng-results>
